[workspace] Running shell script
+ mvn clean install -f appbuild/pom.xml
[INFO] Scanning for projects...
[WARNING] 
[WARNING] Some problems were encountered while building the effective model for com.securepaas.demo:spsource:jar:0.8-SNAPSHOT
[WARNING] 'build.plugins.plugin.version' for org.apache.maven.plugins:maven-source-plugin is missing. @ com.securepaas.demo:spsource:[unknown-version], /var/jenkins_home/jobs/FullCICDPipeline/workspace/appbuild/spsource/pom.xml, line 38, column 16
[WARNING] 
[WARNING] Some problems were encountered while building the effective model for com.securepaas.demo:PolishedDemo:war:0.8-SNAPSHOT
[WARNING] 'dependencies.dependency.version' for junit:junit:jar is either LATEST or RELEASE (both of them are being deprecated) @ com.securepaas.demo:PolishedDemo:[unknown-version], /var/jenkins_home/jobs/FullCICDPipeline/workspace/appbuild/PolishedDemo/pom.xml, line 146, column 13
[WARNING] 
[WARNING] It is highly recommended to fix these problems because they threaten the stability of your build.
[WARNING] 
[WARNING] For this reason, future Maven versions might no longer support building such malformed projects.
[WARNING] 
[INFO] ------------------------------------------------------------------------
[INFO] Reactor Build Order:
[INFO] 
[INFO] demo-apps                                                          [pom]
[INFO] SpSource                                                           [jar]
[INFO] SOAP Web Service Source                                            [jar]
[INFO] SOAP Web Services Demo                                             [war]
[INFO] Rest Web Services                                                  [war]
[INFO] Polished Demo App                                                  [war]
[INFO] 
[INFO] -------------------< com.securepaas.demo:demo-apps >--------------------
[INFO] Building demo-apps 0.8-SNAPSHOT                                    [1/6]
[INFO] --------------------------------[ pom ]---------------------------------
[INFO] 
[INFO] --- maven-clean-plugin:2.5:clean (default-clean) @ demo-apps ---
[INFO] 
[INFO] --- maven-install-plugin:2.4:install (default-install) @ demo-apps ---
[INFO] Installing /var/jenkins_home/jobs/FullCICDPipeline/workspace/appbuild/pom.xml to /var/jenkins_home/.m2/repository/com/securepaas/demo/demo-apps/0.8-SNAPSHOT/demo-apps-0.8-SNAPSHOT.pom
[INFO] 
[INFO] --------------------< com.securepaas.demo:spsource >--------------------
[INFO] Building SpSource 0.8-SNAPSHOT                                     [2/6]
[INFO] --------------------------------[ jar ]---------------------------------
[INFO] 
[INFO] --- maven-clean-plugin:2.5:clean (default-clean) @ spsource ---
[INFO] 
[INFO] --- maven-resources-plugin:2.6:resources (default-resources) @ spsource ---
[INFO] Using 'UTF-8' encoding to copy filtered resources.
[INFO] skip non existing resourceDirectory /var/jenkins_home/jobs/FullCICDPipeline/workspace/appbuild/spsource/src/main/resources
[INFO] 
[INFO] --- maven-compiler-plugin:3.0:compile (default-compile) @ spsource ---
[INFO] Changes detected - recompiling the module!
[INFO] Compiling 10 source files to /var/jenkins_home/jobs/FullCICDPipeline/workspace/appbuild/spsource/target/classes
[INFO] 
[INFO] --- maven-resources-plugin:2.6:testResources (default-testResources) @ spsource ---
[INFO] Using 'UTF-8' encoding to copy filtered resources.
[INFO] skip non existing resourceDirectory /var/jenkins_home/jobs/FullCICDPipeline/workspace/appbuild/spsource/src/test/resources
[INFO] 
[INFO] --- maven-compiler-plugin:3.0:testCompile (default-testCompile) @ spsource ---
[INFO] No sources to compile
[INFO] 
[INFO] --- maven-surefire-plugin:2.12.4:test (default-test) @ spsource ---
[INFO] No tests to run.
[INFO] 
[INFO] --- maven-jar-plugin:2.5:jar (default-jar) @ spsource ---
[INFO] Building jar: /var/jenkins_home/jobs/FullCICDPipeline/workspace/appbuild/spsource/target/spsource-0.8-SNAPSHOT.jar
[INFO] 
[INFO] >>> maven-source-plugin:3.0.1:jar (attach-sources) > generate-sources @ spsource >>>
[INFO] 
[INFO] <<< maven-source-plugin:3.0.1:jar (attach-sources) < generate-sources @ spsource <<<
[INFO] 
[INFO] 
[INFO] --- maven-source-plugin:3.0.1:jar (attach-sources) @ spsource ---
[INFO] Building jar: /var/jenkins_home/jobs/FullCICDPipeline/workspace/appbuild/spsource/target/spsource-0.8-SNAPSHOT-sources.jar
[INFO] 
[INFO] --- maven-install-plugin:2.4:install (default-install) @ spsource ---
[INFO] Installing /var/jenkins_home/jobs/FullCICDPipeline/workspace/appbuild/spsource/target/spsource-0.8-SNAPSHOT.jar to /var/jenkins_home/.m2/repository/com/securepaas/demo/spsource/0.8-SNAPSHOT/spsource-0.8-SNAPSHOT.jar
[INFO] Installing /var/jenkins_home/jobs/FullCICDPipeline/workspace/appbuild/spsource/pom.xml to /var/jenkins_home/.m2/repository/com/securepaas/demo/spsource/0.8-SNAPSHOT/spsource-0.8-SNAPSHOT.pom
[INFO] Installing /var/jenkins_home/jobs/FullCICDPipeline/workspace/appbuild/spsource/target/spsource-0.8-SNAPSHOT-sources.jar to /var/jenkins_home/.m2/repository/com/securepaas/demo/spsource/0.8-SNAPSHOT/spsource-0.8-SNAPSHOT-sources.jar
[INFO] 
[INFO] -----------------< com.securepaas.demo:soap-ws-source >-----------------
[INFO] Building SOAP Web Service Source 0.8-SNAPSHOT                      [3/6]
[INFO] --------------------------------[ jar ]---------------------------------
[INFO] 
[INFO] --- maven-clean-plugin:2.5:clean (default-clean) @ soap-ws-source ---
[INFO] 
[INFO] --- maven-resources-plugin:2.6:resources (default-resources) @ soap-ws-source ---
[INFO] Using 'UTF-8' encoding to copy filtered resources.
[INFO] skip non existing resourceDirectory /var/jenkins_home/jobs/FullCICDPipeline/workspace/appbuild/soap-ws-source/src/main/resources
[INFO] 
[INFO] --- maven-compiler-plugin:3.0:compile (default-compile) @ soap-ws-source ---
[INFO] Changes detected - recompiling the module!
[INFO] Compiling 6 source files to /var/jenkins_home/jobs/FullCICDPipeline/workspace/appbuild/soap-ws-source/target/classes
[INFO] 
[INFO] --- maven-resources-plugin:2.6:testResources (default-testResources) @ soap-ws-source ---
[INFO] Using 'UTF-8' encoding to copy filtered resources.
[INFO] skip non existing resourceDirectory /var/jenkins_home/jobs/FullCICDPipeline/workspace/appbuild/soap-ws-source/src/test/resources
[INFO] 
[INFO] --- maven-compiler-plugin:3.0:testCompile (default-testCompile) @ soap-ws-source ---
[INFO] No sources to compile
[INFO] 
[INFO] --- maven-surefire-plugin:2.12.4:test (default-test) @ soap-ws-source ---
[INFO] No tests to run.
[INFO] 
[INFO] --- maven-jar-plugin:2.5:jar (default-jar) @ soap-ws-source ---
[INFO] Building jar: /var/jenkins_home/jobs/FullCICDPipeline/workspace/appbuild/soap-ws-source/target/soap-ws-source-0.8-SNAPSHOT.jar
[INFO] 
[INFO] --- maven-install-plugin:2.4:install (default-install) @ soap-ws-source ---
[INFO] Installing /var/jenkins_home/jobs/FullCICDPipeline/workspace/appbuild/soap-ws-source/target/soap-ws-source-0.8-SNAPSHOT.jar to /var/jenkins_home/.m2/repository/com/securepaas/demo/soap-ws-source/0.8-SNAPSHOT/soap-ws-source-0.8-SNAPSHOT.jar
[INFO] Installing /var/jenkins_home/jobs/FullCICDPipeline/workspace/appbuild/soap-ws-source/pom.xml to /var/jenkins_home/.m2/repository/com/securepaas/demo/soap-ws-source/0.8-SNAPSHOT/soap-ws-source-0.8-SNAPSHOT.pom
[INFO] 
[INFO] ----------------< com.securepaas.demo:SoapWebServices >-----------------
[INFO] Building SOAP Web Services Demo 0.8-SNAPSHOT                       [4/6]
[INFO] --------------------------------[ war ]---------------------------------
[INFO] 
[INFO] --- maven-clean-plugin:2.5:clean (default-clean) @ SoapWebServices ---
[INFO] 
[INFO] --- maven-resources-plugin:2.6:resources (default-resources) @ SoapWebServices ---
[INFO] Using 'UTF-8' encoding to copy filtered resources.
[INFO] skip non existing resourceDirectory /var/jenkins_home/jobs/FullCICDPipeline/workspace/appbuild/SoapWebServices/src/main/resources
[INFO] 
[INFO] --- maven-compiler-plugin:3.0:compile (default-compile) @ SoapWebServices ---
[INFO] No sources to compile
[INFO] 
[INFO] --- maven-resources-plugin:2.6:testResources (default-testResources) @ SoapWebServices ---
[INFO] Using 'UTF-8' encoding to copy filtered resources.
[INFO] skip non existing resourceDirectory /var/jenkins_home/jobs/FullCICDPipeline/workspace/appbuild/SoapWebServices/src/test/resources
[INFO] 
[INFO] --- maven-compiler-plugin:3.0:testCompile (default-testCompile) @ SoapWebServices ---
[INFO] No sources to compile
[INFO] 
[INFO] --- maven-surefire-plugin:2.12.4:test (default-test) @ SoapWebServices ---
[INFO] No tests to run.
[INFO] 
[INFO] --- maven-war-plugin:2.5:war (default-war) @ SoapWebServices ---
[INFO] Packaging webapp
[INFO] Assembling webapp [SoapWebServices] in [/var/jenkins_home/jobs/FullCICDPipeline/workspace/appbuild/SoapWebServices/target/SoapWebServices-0.8-SNAPSHOT]
[INFO] Processing war project
[INFO] Copying webapp resources [/var/jenkins_home/jobs/FullCICDPipeline/workspace/appbuild/SoapWebServices/src/main/webapp]
[INFO] Webapp assembled in [38 msecs]
[INFO] Building war: /var/jenkins_home/jobs/FullCICDPipeline/workspace/appbuild/SoapWebServices/target/SoapWebServices-0.8-SNAPSHOT.war
[INFO] 
[INFO] --- maven-install-plugin:2.4:install (default-install) @ SoapWebServices ---
[INFO] Installing /var/jenkins_home/jobs/FullCICDPipeline/workspace/appbuild/SoapWebServices/target/SoapWebServices-0.8-SNAPSHOT.war to /var/jenkins_home/.m2/repository/com/securepaas/demo/SoapWebServices/0.8-SNAPSHOT/SoapWebServices-0.8-SNAPSHOT.war
[INFO] Installing /var/jenkins_home/jobs/FullCICDPipeline/workspace/appbuild/SoapWebServices/pom.xml to /var/jenkins_home/.m2/repository/com/securepaas/demo/SoapWebServices/0.8-SNAPSHOT/SoapWebServices-0.8-SNAPSHOT.pom
[INFO] 
[INFO] ----------------< com.securepaas.demo:RestWebServices >-----------------
[INFO] Building Rest Web Services 0.8-SNAPSHOT                            [5/6]
[INFO] --------------------------------[ war ]---------------------------------
[INFO] 
[INFO] --- maven-clean-plugin:2.5:clean (default-clean) @ RestWebServices ---
[INFO] 
[INFO] --- maven-resources-plugin:2.6:resources (default-resources) @ RestWebServices ---
[INFO] Using 'UTF-8' encoding to copy filtered resources.
[INFO] skip non existing resourceDirectory /var/jenkins_home/jobs/FullCICDPipeline/workspace/appbuild/RestWebServices/src/main/resources
[INFO] 
[INFO] --- maven-compiler-plugin:3.0:compile (default-compile) @ RestWebServices ---
[INFO] Changes detected - recompiling the module!
[INFO] Compiling 11 source files to /var/jenkins_home/jobs/FullCICDPipeline/workspace/appbuild/RestWebServices/target/classes
[INFO] 
[INFO] --- maven-resources-plugin:2.6:testResources (default-testResources) @ RestWebServices ---
[INFO] Using 'UTF-8' encoding to copy filtered resources.
[INFO] skip non existing resourceDirectory /var/jenkins_home/jobs/FullCICDPipeline/workspace/appbuild/RestWebServices/src/test/resources
[INFO] 
[INFO] --- maven-compiler-plugin:3.0:testCompile (default-testCompile) @ RestWebServices ---
[INFO] No sources to compile
[INFO] 
[INFO] --- maven-surefire-plugin:2.12.4:test (default-test) @ RestWebServices ---
[INFO] No tests to run.
[INFO] 
[INFO] --- maven-war-plugin:2.5:war (default-war) @ RestWebServices ---
[INFO] Packaging webapp
[INFO] Assembling webapp [RestWebServices] in [/var/jenkins_home/jobs/FullCICDPipeline/workspace/appbuild/RestWebServices/target/RestWebServices-0.8-SNAPSHOT]
[INFO] Processing war project
[INFO] Copying webapp resources [/var/jenkins_home/jobs/FullCICDPipeline/workspace/appbuild/RestWebServices/src/main/webapp]
[INFO] Webapp assembled in [20 msecs]
[INFO] Building war: /var/jenkins_home/jobs/FullCICDPipeline/workspace/appbuild/RestWebServices/target/RestWebServices-0.8-SNAPSHOT.war
[INFO] 
[INFO] --- maven-install-plugin:2.4:install (default-install) @ RestWebServices ---
[INFO] Installing /var/jenkins_home/jobs/FullCICDPipeline/workspace/appbuild/RestWebServices/target/RestWebServices-0.8-SNAPSHOT.war to /var/jenkins_home/.m2/repository/com/securepaas/demo/RestWebServices/0.8-SNAPSHOT/RestWebServices-0.8-SNAPSHOT.war
[INFO] Installing /var/jenkins_home/jobs/FullCICDPipeline/workspace/appbuild/RestWebServices/pom.xml to /var/jenkins_home/.m2/repository/com/securepaas/demo/RestWebServices/0.8-SNAPSHOT/RestWebServices-0.8-SNAPSHOT.pom
[INFO] 
[INFO] ------------------< com.securepaas.demo:PolishedDemo >------------------
[INFO] Building Polished Demo App 0.8-SNAPSHOT                            [6/6]
[INFO] --------------------------------[ war ]---------------------------------
[INFO] 
[INFO] --- maven-clean-plugin:2.4.1:clean (default-clean) @ PolishedDemo ---
[INFO] Deleting /var/jenkins_home/jobs/FullCICDPipeline/workspace/appbuild/PolishedDemo/src/main/webapp/VAADIN/widgetsets (includes = [], excludes = [])
[INFO] 
[INFO] --- maven-resources-plugin:2.6:resources (default-resources) @ PolishedDemo ---
[INFO] Using 'UTF-8' encoding to copy filtered resources.
[INFO] Copying 11 resources
[INFO] 
[INFO] --- vaadin-maven-plugin:7.6.0.beta1:resources (default) @ PolishedDemo ---
[INFO] auto discovered modules [com.securepaas.demo.parking.widgetset.ParkingWidgetset]
[INFO] 9 source files from GWT module com.securepaas.demo.parking.widgetset.ParkingWidgetset
[INFO] 
[INFO] --- maven-compiler-plugin:3.0:compile (default-compile) @ PolishedDemo ---
[INFO] Changes detected - recompiling the module!
[INFO] Compiling 20 source files to /var/jenkins_home/jobs/FullCICDPipeline/workspace/appbuild/PolishedDemo/target/classes
[INFO] 
[INFO] --- maven-resources-plugin:2.6:testResources (default-testResources) @ PolishedDemo ---
[INFO] Using 'UTF-8' encoding to copy filtered resources.
[INFO] skip non existing resourceDirectory /var/jenkins_home/jobs/FullCICDPipeline/workspace/appbuild/PolishedDemo/src/test/resources
[INFO] 
[INFO] --- maven-compiler-plugin:3.0:testCompile (default-testCompile) @ PolishedDemo ---
[INFO] No sources to compile
[INFO] 
[INFO] --- maven-surefire-plugin:2.12.4:test (default-test) @ PolishedDemo ---
[INFO] No tests to run.
[INFO] 
[INFO] >>> vaadin-maven-plugin:7.6.0.beta1:compile (default) > process-resources @ PolishedDemo >>>
[INFO] 
[INFO] --- maven-resources-plugin:2.6:resources (default-resources) @ PolishedDemo ---
[INFO] Using 'UTF-8' encoding to copy filtered resources.
[INFO] Copying 11 resources
[INFO] 
[INFO] --- vaadin-maven-plugin:7.6.0.beta1:resources (default) @ PolishedDemo ---
[INFO] auto discovered modules [com.securepaas.demo.parking.widgetset.ParkingWidgetset]
[INFO] 9 source files from GWT module com.securepaas.demo.parking.widgetset.ParkingWidgetset
[INFO] 
[INFO] <<< vaadin-maven-plugin:7.6.0.beta1:compile (default) < process-resources @ PolishedDemo <<<
[INFO] 
[INFO] 
[INFO] --- vaadin-maven-plugin:7.6.0.beta1:compile (default) @ PolishedDemo ---
[INFO] auto discovered modules [com.securepaas.demo.parking.widgetset.ParkingWidgetset]
[INFO] Compiling module com.securepaas.demo.parking.widgetset.ParkingWidgetset
[INFO] ----------------------------------------------------------------------------------------------------------------------
[INFO] Using AGPL version of Vaadin TouchKit 4. Commercial licensing options available at vaadin.com/pro
[INFO] ----------------------------------------------------------------------------------------------------------------------
[INFO]    Computing all possible rebind results for 'com.vaadin.client.metadata.ConnectorBundleLoader'
[INFO]       Rebinding com.vaadin.client.metadata.ConnectorBundleLoader
[INFO]          Invoking generator com.securepaas.demo.parking.widgetset.WidgetLoaderFactory
[INFO]             Populating eager bundle
[INFO]                Visiting ChartConnector with ConnectorInitVisitor
[INFO]                   ChartConnector will be in the eager bundle
[INFO]                Will serialize class com.vaadin.addon.charts.client.ui.ChartState as a bean
[INFO]                Will serialize class com.vaadin.shared.communication.URLReference using URLReference_Serializer
[INFO]                Visiting ResponsiveConnector with ConnectorInitVisitor
[INFO]                   ResponsiveConnector will be in the eager bundle
[INFO]                Will serialize class com.vaadin.shared.communication.SharedState as a bean
[INFO]                Visiting GeolocatorConnector with ConnectorInitVisitor
[INFO]                   GeolocatorConnector will be in the eager bundle
[INFO]                Visiting DatePickerConnector with ConnectorInitVisitor
[INFO]                   DatePickerConnector will be in the eager bundle
[INFO]                Will serialize class com.vaadin.addon.touchkit.gwt.client.vcom.DatePickerState as a bean
[INFO]                Will serialize class com.vaadin.addon.touchkit.gwt.client.vcom.DatePickerState.Resolution as an enum
[INFO]                Visiting HorizontalButtonGroupConnector with ConnectorInitVisitor
[INFO]                   HorizontalButtonGroupConnector will be in the eager bundle
[INFO]                Will serialize class com.vaadin.shared.AbstractComponentState as a bean
[INFO]                Visiting NavigationBarConnector with ConnectorInitVisitor
[INFO]                   NavigationBarConnector will be in the eager bundle
[INFO]                Will serialize class com.vaadin.addon.touchkit.gwt.client.vcom.navigation.NavigationBarState as a bean
[INFO]                Visiting NavigationButtonConnector with ConnectorInitVisitor
[INFO]                   NavigationButtonConnector will be in the eager bundle
[INFO]                Will serialize class com.vaadin.addon.touchkit.gwt.client.vcom.navigation.NavigationButtonSharedState as a bean
[INFO]                Visiting NavigationManagerConnector with ConnectorInitVisitor
[INFO]                   NavigationManagerConnector will be in the eager bundle
[INFO]                Will serialize class com.vaadin.addon.touchkit.gwt.client.vcom.navigation.NavigationManagerSharedState as a bean
[INFO]                Visiting NavigationViewConnector with ConnectorInitVisitor
[INFO]                   NavigationViewConnector will be in the eager bundle
[INFO]                Will serialize class com.vaadin.addon.touchkit.gwt.client.vcom.navigation.NavigationViewState as a bean
[INFO]                Visiting NumberFieldConnector with ConnectorInitVisitor
[INFO]                   NumberFieldConnector will be in the eager bundle
[INFO]                Will serialize class com.vaadin.shared.ui.textfield.AbstractTextFieldState as a bean
[INFO]                Visiting PopoverConnector with ConnectorInitVisitor
[INFO]                   PopoverConnector will be in the eager bundle
[INFO]                Will serialize class com.vaadin.addon.touchkit.gwt.client.vcom.popover.PopoverState as a bean
[INFO]                Will serialize class com.vaadin.shared.ui.window.WindowMode as an enum
[INFO]                Will serialize com.vaadin.shared.Connector[] as an array
[INFO]                Will serialize class com.vaadin.shared.ui.window.WindowRole as an enum
[INFO]                Visiting SwitchConnector with ConnectorInitVisitor
[INFO]                   SwitchConnector will be in the eager bundle
[INFO]                Will serialize class com.vaadin.shared.ui.checkbox.CheckBoxState as a bean
[INFO]                Visiting TabBarConnector with ConnectorInitVisitor
[INFO]                   TabBarConnector will be in the eager bundle
[INFO]                Visiting VerticalComponentGroupConnector with ConnectorInitVisitor
[INFO]                   VerticalComponentGroupConnector will be in the eager bundle
[INFO]                Will serialize class com.vaadin.shared.ui.AbstractLayoutState as a bean
[INFO]                Visiting ButtonConnector with ConnectorInitVisitor
[INFO]                   ButtonConnector will be in the eager bundle
[INFO]                Will serialize class com.vaadin.shared.ui.button.ButtonState as a bean
[INFO]                Visiting CssLayoutConnector with ConnectorInitVisitor
[INFO]                   CssLayoutConnector will be in the eager bundle
[INFO]                Will serialize class com.vaadin.shared.ui.csslayout.CssLayoutState as a bean
[INFO]                Visiting ImageConnector with ConnectorInitVisitor
[INFO]                   ImageConnector will be in the eager bundle
[INFO]                Will serialize class com.vaadin.shared.ui.image.ImageState as a bean
[INFO]                Visiting JavaScriptManagerConnector with ConnectorInitVisitor
[INFO]                   JavaScriptManagerConnector will be in the eager bundle
[INFO]                Will serialize class com.vaadin.shared.extension.javascriptmanager.JavaScriptManagerState as a bean
[INFO]                Visiting LabelConnector with ConnectorInitVisitor
[INFO]                   LabelConnector will be in the eager bundle
[INFO]                Will serialize class com.vaadin.shared.ui.label.LabelState as a bean
[INFO]                Will serialize class com.vaadin.shared.ui.label.ContentMode as an enum
[INFO]                Visiting LinkConnector with ConnectorInitVisitor
[INFO]                   LinkConnector will be in the eager bundle
[INFO]                Will serialize class com.vaadin.shared.ui.link.LinkState as a bean
[INFO]                Will serialize class com.vaadin.shared.ui.BorderStyle as an enum
[INFO]                Visiting NativeSelectConnector with ConnectorInitVisitor
[INFO]                   NativeSelectConnector will be in the eager bundle
[INFO]                Will serialize class com.vaadin.shared.ui.select.AbstractSelectState as a bean
[INFO]                Visiting TableConnector with ConnectorInitVisitor
[INFO]                   TableConnector will be in the eager bundle
[INFO]                Will serialize class com.vaadin.shared.ui.table.TableState as a bean
[INFO]                Visiting TextFieldConnector with ConnectorInitVisitor
[INFO]                   TextFieldConnector will be in the eager bundle
[INFO]                Visiting UIConnector with ConnectorInitVisitor
[INFO]                   UIConnector will be in the eager bundle
[INFO]                Will serialize class com.vaadin.shared.ui.ui.UIState as a bean
[INFO]                Will serialize class com.vaadin.shared.ui.ui.UIState.PushConfigurationState as a bean
[INFO]                Will serialize class com.vaadin.shared.ui.ui.UIState.ReconnectDialogConfigurationState as a bean
[INFO]                Will serialize class com.vaadin.shared.ui.ui.UIState.LoadingIndicatorConfigurationState as a bean
[INFO]                Will serialize class com.vaadin.shared.ui.ui.UIState.LocaleServiceState as a bean
[INFO]                Will serialize class com.vaadin.shared.ui.ui.UIState.LocaleData as a bean
[INFO]                Will serialize class com.vaadin.shared.communication.PushMode as an enum
[INFO]                Will serialize class com.vaadin.shared.ui.ui.UIState.NotificationTypeConfiguration as a bean
[INFO]                Will serialize class com.vaadin.shared.ui.ui.NotificationRole as an enum
[INFO]                Will serialize class com.vaadin.shared.ui.ui.UIState.TooltipConfigurationState as a bean
[INFO]                Will serialize java.lang.String[] as an array
[INFO]                Will serialize class com.vaadin.shared.ui.ui.PageState as a bean
[INFO]                Visiting UploadConnector with ConnectorInitVisitor
[INFO]                   UploadConnector will be in the eager bundle
[INFO]                Will serialize class com.vaadin.shared.ui.upload.UploadState as a bean
[INFO]                Visiting VerticalLayoutConnector with ConnectorInitVisitor
[INFO]                   VerticalLayoutConnector will be in the eager bundle
[INFO]                Will serialize class com.vaadin.shared.ui.orderedlayout.VerticalLayoutState as a bean
[INFO]                Will serialize class java.util.HashMap<com.vaadin.shared.Connector, com.vaadin.shared.ui.orderedlayout.AbstractOrderedLayoutState.ChildComponentData> as a bean
[INFO]                Will serialize class com.vaadin.shared.ui.orderedlayout.AbstractOrderedLayoutState.ChildComponentData as a bean
[INFO]                Visiting WindowConnector with ConnectorInitVisitor
[INFO]                   WindowConnector will be in the eager bundle
[INFO]                Will serialize class com.vaadin.shared.ui.window.WindowState as a bean
[INFO]                Visiting QRCodeConnector with ConnectorInitVisitor
[INFO]                   QRCodeConnector will be in the eager bundle
[INFO]                Visiting LeafletCircleConnector with ConnectorInitVisitor
[INFO]                   LeafletCircleConnector will be in the eager bundle
[INFO]                Will serialize class org.vaadin.addon.leaflet.client.LeafletCircleState as a bean
[INFO]                Will serialize class org.vaadin.addon.leaflet.shared.Point as a bean
[INFO]                Will serialize class org.vaadin.addon.leaflet.client.PopupState as a bean
[INFO]                Visiting LeafletMapConnector with ConnectorInitVisitor
[INFO]                   LeafletMapConnector will be in the eager bundle
[INFO]                Will serialize class org.vaadin.addon.leaflet.client.LeafletMapState as a bean
[INFO]                Will serialize class org.vaadin.addon.leaflet.shared.Bounds as a bean
[INFO]                Visiting LeafletMarkerConnector with ConnectorInitVisitor
[INFO]                   LeafletMarkerConnector will be in the eager bundle
[INFO]                Will serialize class org.vaadin.addon.leaflet.client.LeafletMarkerState as a bean
[INFO]                Visiting LeafletTileLayerConnector with ConnectorInitVisitor
[INFO]                   LeafletTileLayerConnector will be in the eager bundle
[INFO]                Will serialize class org.vaadin.addon.leaflet.client.LeafletTileLayerState as a bean
[INFO]                Visiting LeafletLayersConnector with ConnectorInitVisitor
[INFO]                   LeafletLayersConnector will be in the eager bundle
[INFO]                Will serialize class org.vaadin.addon.leaflet.client.LeafletLayersState as a bean
[INFO]                Will serialize class org.vaadin.addon.leaflet.shared.ControlPosition as an enum
[INFO]                Will serialize class org.vaadin.addon.leaflet.shared.LayerControlInfo as a bean
[INFO]                Will serialize class com.vaadin.shared.ui.grid.ScrollDestination as an enum
[INFO]                Will serialize class com.vaadin.shared.MouseEventDetails as a bean
[INFO]                Will serialize class com.vaadin.shared.MouseEventDetails.MouseButton as an enum
[INFO]                Will serialize class com.vaadin.shared.ui.table.TableConstants.Section as an enum
[INFO]                Will serialize class com.vaadin.addon.touchkit.gwt.client.vcom.Position as a bean
[INFO]                Will serialize com.vaadin.shared.data.sort.SortDirection[] as an array
[INFO]                Will serialize class com.vaadin.shared.data.sort.SortDirection as an enum
[INFO]                Will serialize class com.vaadin.shared.ui.grid.GridConstants.Section as an enum
[INFO]             Populating deferred bundle
[INFO]                Visiting ChartOptionsConnector with ConnectorInitVisitor
[INFO]                   ChartOptionsConnector will be in the deferred bundle
[INFO]                Will serialize class com.vaadin.addon.charts.client.ui.ChartOptionsState as a bean
[INFO]                Visiting FloatingIndexConnector with ConnectorInitVisitor
[INFO]                   FloatingIndexConnector will be in the deferred bundle
[INFO]                Will serialize class com.vaadin.addon.touchkit.gwt.client.vcom.FloatingIndexSharedState as a bean
[INFO]                Visiting Html5InputSettingsConnector with ConnectorInitVisitor
[INFO]                   Html5InputSettingsConnector will be in the deferred bundle
[INFO]                Will serialize class com.vaadin.addon.touchkit.gwt.client.vcom.Html5InputSettingsState as a bean
[INFO]                Visiting LocalStorageConnector with ConnectorInitVisitor
[INFO]                   LocalStorageConnector will be in the deferred bundle
[INFO]                Visiting OfflineModeConnector with ConnectorInitVisitor
[INFO]                   OfflineModeConnector will be in the deferred bundle
[INFO]                Will serialize class com.vaadin.addon.touchkit.gwt.client.vcom.OfflineModeState as a bean
[INFO]                Visiting EmailFieldConnector with ConnectorInitVisitor
[INFO]                   EmailFieldConnector will be in the deferred bundle
[INFO]                Visiting SwipeViewConnector with ConnectorInitVisitor
[INFO]                   SwipeViewConnector will be in the deferred bundle
[INFO]                Will serialize class com.vaadin.addon.touchkit.gwt.client.vcom.SwipeViewSharedState as a bean
[INFO]                Visiting UrlFieldConnector with ConnectorInitVisitor
[INFO]                   UrlFieldConnector will be in the deferred bundle
[INFO]                Visiting JavaScriptExtension with ConnectorInitVisitor
[INFO]                   JavaScriptExtension will be in the deferred bundle
[INFO]                Will serialize class com.vaadin.shared.JavaScriptExtensionState as a bean
[INFO]                Visiting BrowserWindowOpenerConnector with ConnectorInitVisitor
[INFO]                   BrowserWindowOpenerConnector will be in the deferred bundle
[INFO]                Will serialize class com.vaadin.shared.ui.BrowserWindowOpenerState as a bean
[INFO]                Visiting FileDownloaderConnector with ConnectorInitVisitor
[INFO]                   FileDownloaderConnector will be in the deferred bundle
[INFO]                Visiting ResponsiveConnector with ConnectorInitVisitor
[INFO]                   ResponsiveConnector will be in the deferred bundle
[INFO]                Visiting RpcDataSourceConnector with ConnectorInitVisitor
[INFO]                   RpcDataSourceConnector will be in the deferred bundle
[INFO]                Visiting AbsoluteLayoutConnector with ConnectorInitVisitor
[INFO]                   AbsoluteLayoutConnector will be in the deferred bundle
[INFO]                Will serialize class com.vaadin.shared.ui.absolutelayout.AbsoluteLayoutState as a bean
[INFO]                Visiting JavaScriptComponentConnector with ConnectorInitVisitor
[INFO]                   JavaScriptComponentConnector will be in the deferred bundle
[INFO]                Will serialize class com.vaadin.shared.ui.JavaScriptComponentState as a bean
[INFO]                Visiting AccordionConnector with ConnectorInitVisitor
[INFO]                   AccordionConnector will be in the deferred bundle
[INFO]                Will serialize class com.vaadin.shared.ui.accordion.AccordionState as a bean
[INFO]                Will serialize class com.vaadin.shared.ui.tabsheet.TabState as a bean
[INFO]                Visiting AudioConnector with ConnectorInitVisitor
[INFO]                   AudioConnector will be in the deferred bundle
[INFO]                Will serialize class com.vaadin.shared.ui.audio.AudioState as a bean
[INFO]                Visiting BrowserFrameConnector with ConnectorInitVisitor
[INFO]                   BrowserFrameConnector will be in the deferred bundle
[INFO]                Will serialize class com.vaadin.shared.ui.browserframe.BrowserFrameState as a bean
[INFO]                Visiting CalendarConnector with ConnectorInitVisitor
[INFO]                   CalendarConnector will be in the deferred bundle
[INFO]                Will serialize class com.vaadin.shared.ui.calendar.CalendarState as a bean
[INFO]                Will serialize class com.vaadin.shared.ui.calendar.CalendarState.Day as a bean
[INFO]                Will serialize class com.vaadin.shared.ui.calendar.CalendarState.Event as a bean
[INFO]                Will serialize class com.vaadin.shared.ui.calendar.CalendarState.Action as a bean
[INFO]                Visiting CheckBoxConnector with ConnectorInitVisitor
[INFO]                   CheckBoxConnector will be in the deferred bundle
[INFO]                Visiting ColorPickerConnector with ConnectorInitVisitor
[INFO]                   ColorPickerConnector will be in the deferred bundle
[INFO]                Will serialize class com.vaadin.shared.ui.colorpicker.ColorPickerState as a bean
[INFO]                Visiting ColorPickerAreaConnector with ConnectorInitVisitor
[INFO]                   ColorPickerAreaConnector will be in the deferred bundle
[INFO]                Visiting ComboBoxConnector with ConnectorInitVisitor
[INFO]                   ComboBoxConnector will be in the deferred bundle
[INFO]                Will serialize class com.vaadin.shared.ui.combobox.ComboBoxState as a bean
[INFO]                Visiting CustomComponentConnector with ConnectorInitVisitor
[INFO]                   CustomComponentConnector will be in the deferred bundle
[INFO]                Visiting CustomFieldConnector with ConnectorInitVisitor
[INFO]                   CustomFieldConnector will be in the deferred bundle
[INFO]                Will serialize class com.vaadin.shared.AbstractFieldState as a bean
[INFO]                Visiting CustomLayoutConnector with ConnectorInitVisitor
[INFO]                   CustomLayoutConnector will be in the deferred bundle
[INFO]                Will serialize class com.vaadin.shared.ui.customlayout.CustomLayoutState as a bean
[INFO]                Visiting DateFieldConnector with ConnectorInitVisitor
[INFO]                   DateFieldConnector will be in the deferred bundle
[INFO]                Will serialize class com.vaadin.shared.ui.datefield.PopupDateFieldState as a bean
[INFO]                Will serialize class java.util.Date using Date_Serializer
[INFO]                Visiting DragAndDropWrapperConnector with ConnectorInitVisitor
[INFO]                   DragAndDropWrapperConnector will be in the deferred bundle
[INFO]                Visiting EmbeddedConnector with ConnectorInitVisitor
[INFO]                   EmbeddedConnector will be in the deferred bundle
[INFO]                Will serialize class com.vaadin.shared.ui.embedded.EmbeddedState as a bean
[INFO]                Visiting FlashConnector with ConnectorInitVisitor
[INFO]                   FlashConnector will be in the deferred bundle
[INFO]                Will serialize class com.vaadin.shared.ui.flash.FlashState as a bean
[INFO]                Visiting FormConnector with ConnectorInitVisitor
[INFO]                   FormConnector will be in the deferred bundle
[INFO]                Will serialize class com.vaadin.shared.ui.form.FormState as a bean
[INFO]                Visiting FormLayoutConnector with ConnectorInitVisitor
[INFO]                   FormLayoutConnector will be in the deferred bundle
[INFO]                Will serialize class com.vaadin.shared.ui.orderedlayout.FormLayoutState as a bean
[INFO]                Visiting GridConnector with ConnectorInitVisitor
[INFO]                   GridConnector will be in the deferred bundle
[INFO]                Will serialize class com.vaadin.shared.ui.grid.GridState as a bean
[INFO]                Will serialize class com.vaadin.shared.ui.grid.GridColumnState as a bean
[INFO]                Will serialize class com.vaadin.shared.ui.grid.GridStaticSectionState as a bean
[INFO]                Will serialize class com.vaadin.shared.ui.grid.GridStaticSectionState.RowState as a bean
[INFO]                Will serialize class com.vaadin.shared.ui.grid.GridStaticSectionState.CellState as a bean
[INFO]                Will serialize class com.vaadin.shared.ui.grid.HeightMode as an enum
[INFO]                Will serialize class com.vaadin.shared.ui.grid.GridStaticCellType as an enum
[INFO]                Visiting MultiSelectionModelConnector with ConnectorInitVisitor
[INFO]                   MultiSelectionModelConnector will be in the deferred bundle
[INFO]                Will serialize class com.vaadin.shared.ui.grid.selection.MultiSelectionModelState as a bean
[INFO]                Visiting NoSelectionModelConnector with ConnectorInitVisitor
[INFO]                   NoSelectionModelConnector will be in the deferred bundle
[INFO]                Visiting SingleSelectionModelConnector with ConnectorInitVisitor
[INFO]                   SingleSelectionModelConnector will be in the deferred bundle
[INFO]                Will serialize class com.vaadin.shared.ui.grid.selection.SingleSelectionModelState as a bean
[INFO]                Visiting GridLayoutConnector with ConnectorInitVisitor
[INFO]                   GridLayoutConnector will be in the deferred bundle
[INFO]                Will serialize class com.vaadin.shared.ui.gridlayout.GridLayoutState as a bean
[INFO]                Will serialize class com.vaadin.shared.ui.gridlayout.GridLayoutState.ChildComponentData as a bean
[INFO]                Visiting HorizontalLayoutConnector with ConnectorInitVisitor
[INFO]                   HorizontalLayoutConnector will be in the deferred bundle
[INFO]                Will serialize class com.vaadin.shared.ui.orderedlayout.HorizontalLayoutState as a bean
[INFO]                Visiting HorizontalSplitPanelConnector with ConnectorInitVisitor
[INFO]                   HorizontalSplitPanelConnector will be in the deferred bundle
[INFO]                Will serialize class com.vaadin.shared.ui.splitpanel.HorizontalSplitPanelState as a bean
[INFO]                Will serialize class com.vaadin.shared.ui.splitpanel.AbstractSplitPanelState.SplitterState as a bean
[INFO]                Visiting InlineDateFieldConnector with ConnectorInitVisitor
[INFO]                   InlineDateFieldConnector will be in the deferred bundle
[INFO]                Will serialize class com.vaadin.shared.ui.datefield.InlineDateFieldState as a bean
[INFO]                Visiting ListSelectConnector with ConnectorInitVisitor
[INFO]                   ListSelectConnector will be in the deferred bundle
[INFO]                Visiting MenuBarConnector with ConnectorInitVisitor
[INFO]                   MenuBarConnector will be in the deferred bundle
[INFO]                Will serialize class com.vaadin.shared.ui.menubar.MenuBarState as a bean
[INFO]                Visiting NativeButtonConnector with ConnectorInitVisitor
[INFO]                   NativeButtonConnector will be in the deferred bundle
[INFO]                Will serialize class com.vaadin.shared.ui.button.NativeButtonState as a bean
[INFO]                Visiting OptionGroupConnector with ConnectorInitVisitor
[INFO]                   OptionGroupConnector will be in the deferred bundle
[INFO]                Will serialize class com.vaadin.shared.ui.optiongroup.OptionGroupState as a bean
[INFO]                Visiting PanelConnector with ConnectorInitVisitor
[INFO]                   PanelConnector will be in the deferred bundle
[INFO]                Will serialize class com.vaadin.shared.ui.panel.PanelState as a bean
[INFO]                Visiting PasswordFieldConnector with ConnectorInitVisitor
[INFO]                   PasswordFieldConnector will be in the deferred bundle
[INFO]                Visiting PopupDateFieldConnector with ConnectorInitVisitor
[INFO]                   PopupDateFieldConnector will be in the deferred bundle
[INFO]                Visiting PopupViewConnector with ConnectorInitVisitor
[INFO]                   PopupViewConnector will be in the deferred bundle
[INFO]                Will serialize class com.vaadin.shared.ui.popupview.PopupViewState as a bean
[INFO]                Visiting ProgressBarConnector with ConnectorInitVisitor
[INFO]                   ProgressBarConnector will be in the deferred bundle
[INFO]                Will serialize class com.vaadin.shared.ui.progressindicator.ProgressBarState as a bean
[INFO]                Visiting ProgressIndicatorConnector with ConnectorInitVisitor
[INFO]                   ProgressIndicatorConnector will be in the deferred bundle
[INFO]                Will serialize class com.vaadin.shared.ui.progressindicator.ProgressIndicatorState as a bean
[INFO]                Visiting RichTextAreaConnector with ConnectorInitVisitor
[INFO]                   RichTextAreaConnector will be in the deferred bundle
[INFO]                Will serialize class com.vaadin.shared.ui.textarea.RichTextAreaState as a bean
[INFO]                Visiting SliderConnector with ConnectorInitVisitor
[INFO]                   SliderConnector will be in the deferred bundle
[INFO]                Will serialize class com.vaadin.shared.ui.slider.SliderState as a bean
[INFO]                Will serialize class com.vaadin.shared.ui.slider.SliderOrientation as an enum
[INFO]                Visiting TabsheetConnector with ConnectorInitVisitor
[INFO]                   TabsheetConnector will be in the deferred bundle
[INFO]                Will serialize class com.vaadin.shared.ui.tabsheet.TabsheetState as a bean
[INFO]                Visiting TextAreaConnector with ConnectorInitVisitor
[INFO]                   TextAreaConnector will be in the deferred bundle
[INFO]                Will serialize class com.vaadin.shared.ui.textarea.TextAreaState as a bean
[INFO]                Visiting TreeConnector with ConnectorInitVisitor
[INFO]                   TreeConnector will be in the deferred bundle
[INFO]                Will serialize class com.vaadin.shared.ui.tree.TreeState as a bean
[INFO]                Visiting TreeTableConnector with ConnectorInitVisitor
[INFO]                   TreeTableConnector will be in the deferred bundle
[INFO]                Will serialize class com.vaadin.shared.ui.treetable.TreeTableState as a bean
[INFO]                Visiting TwinColSelectConnector with ConnectorInitVisitor
[INFO]                   TwinColSelectConnector will be in the deferred bundle
[INFO]                Will serialize class com.vaadin.shared.ui.twincolselect.TwinColSelectState as a bean
[INFO]                Visiting VerticalSplitPanelConnector with ConnectorInitVisitor
[INFO]                   VerticalSplitPanelConnector will be in the deferred bundle
[INFO]                Will serialize class com.vaadin.shared.ui.splitpanel.VerticalSplitPanelState as a bean
[INFO]                Visiting VideoConnector with ConnectorInitVisitor
[INFO]                   VideoConnector will be in the deferred bundle
[INFO]                Will serialize class com.vaadin.shared.ui.video.VideoState as a bean
[INFO]                Visiting ColorPickerGradientConnector with ConnectorInitVisitor
[INFO]                   ColorPickerGradientConnector will be in the deferred bundle
[INFO]                Will serialize class com.vaadin.shared.ui.colorpicker.ColorPickerGradientState as a bean
[INFO]                Visiting ColorPickerGridConnector with ConnectorInitVisitor
[INFO]                   ColorPickerGridConnector will be in the deferred bundle
[INFO]                Will serialize class com.vaadin.shared.ui.colorpicker.ColorPickerGridState as a bean
[INFO]                Visiting JavaScriptRendererConnector with ConnectorInitVisitor
[INFO]                   JavaScriptRendererConnector will be in the deferred bundle
[INFO]                Visiting ButtonRendererConnector with ConnectorInitVisitor
[INFO]                   ButtonRendererConnector will be in the deferred bundle
[INFO]                Visiting DateRendererConnector with ConnectorInitVisitor
[INFO]                   DateRendererConnector will be in the deferred bundle
[INFO]                Visiting UnsafeHtmlRendererConnector with ConnectorInitVisitor
[INFO]                   UnsafeHtmlRendererConnector will be in the deferred bundle
[INFO]                Visiting ImageRendererConnector with ConnectorInitVisitor
[INFO]                   ImageRendererConnector will be in the deferred bundle
[INFO]                Visiting NumberRendererConnector with ConnectorInitVisitor
[INFO]                   NumberRendererConnector will be in the deferred bundle
[INFO]                Visiting ProgressBarRendererConnector with ConnectorInitVisitor
[INFO]                   ProgressBarRendererConnector will be in the deferred bundle
[INFO]                Visiting TextRendererConnector with ConnectorInitVisitor
[INFO]                   TextRendererConnector will be in the deferred bundle
[INFO]                Visiting LeafletCircleMarkerConnector with ConnectorInitVisitor
[INFO]                   LeafletCircleMarkerConnector will be in the deferred bundle
[INFO]                Visiting LeafletFeatureGroupConnector with ConnectorInitVisitor
[INFO]                   LeafletFeatureGroupConnector will be in the deferred bundle
[INFO]                Will serialize class org.vaadin.addon.leaflet.client.LeafletLayerGroupState as a bean
[INFO]                Visiting LeafletLayerGroupConnector with ConnectorInitVisitor
[INFO]                   LeafletLayerGroupConnector will be in the deferred bundle
[INFO]                Visiting LeafletPolygonConnector with ConnectorInitVisitor
[INFO]                   LeafletPolygonConnector will be in the deferred bundle
[INFO]                Will serialize class org.vaadin.addon.leaflet.client.LeafletPolylineState as a bean
[INFO]                Will serialize org.vaadin.addon.leaflet.shared.Point[] as an array
[INFO]                Visiting LeafletPolylineConnector with ConnectorInitVisitor
[INFO]                   LeafletPolylineConnector will be in the deferred bundle
[INFO]                Visiting LeafletPopupConnector with ConnectorInitVisitor
[INFO]                   LeafletPopupConnector will be in the deferred bundle
[INFO]                Will serialize class org.vaadin.addon.leaflet.client.LeafletPopupState as a bean
[INFO]                Visiting LeafletRectangleConnector with ConnectorInitVisitor
[INFO]                   LeafletRectangleConnector will be in the deferred bundle
[INFO]                Visiting LeafletWmsLayerConnector with ConnectorInitVisitor
[INFO]                   LeafletWmsLayerConnector will be in the deferred bundle
[INFO]                Will serialize class org.vaadin.addon.leaflet.client.LeafletWmsLayerState as a bean
[INFO]                Visiting LeafletAttributionConnector with ConnectorInitVisitor
[INFO]                   LeafletAttributionConnector will be in the deferred bundle
[INFO]                Will serialize class org.vaadin.addon.leaflet.client.LeafletAttributionState as a bean
[INFO]                Visiting LeafletScaleConnector with ConnectorInitVisitor
[INFO]                   LeafletScaleConnector will be in the deferred bundle
[INFO]                Will serialize class org.vaadin.addon.leaflet.client.LeafletScaleState as a bean
[INFO]                Visiting LeafletZoomConnector with ConnectorInitVisitor
[INFO]                   LeafletZoomConnector will be in the deferred bundle
[INFO]                Will serialize class org.vaadin.addon.leaflet.client.LeafletControlState as a bean
[INFO]                Visiting SwitchConnector with ConnectorInitVisitor
[INFO]                   SwitchConnector will be in the deferred bundle
[INFO]                Will serialize class org.vaadin.teemu.switchui.client.SwitchState as a bean
[INFO]    Adding '1' new generated units
[INFO]       [WARN] Warnings in '/var/jenkins_home/jobs/FullCICDPipeline/workspace/appbuild/PolishedDemo/target/.generated/com/vaadin/client/metadata/ConnectorBundleLoaderImpl.java'
[INFO]          [WARN] Line 7317: Referencing deprecated class 'com.vaadin.shared.ui.progressindicator.ProgressIndicatorState'
[INFO]          [WARN] Line 7320: Referencing deprecated class 'com.vaadin.shared.ui.progressindicator.ProgressIndicatorState'
[INFO]          [WARN] Line 7323: Referencing deprecated class 'com.vaadin.shared.ui.progressindicator.ProgressIndicatorState'
[INFO]          See snapshot: /tmp/com.vaadin.client.metadata.ConnectorBundleLoaderImpl3617920534614543753.java
[INFO]    Adding '1' new generated units
[INFO]       [WARN] Warnings in '/var/jenkins_home/jobs/FullCICDPipeline/workspace/appbuild/PolishedDemo/target/.generated/com/vaadin/addon/charts/client/HighchartResources_default_InlineClientBundleGenerator.java'
[INFO]          [WARN] Line 234: Referencing method 'com.vaadin.addon.charts.client.HighchartResources.jquery': method 'com.vaadin.addon.charts.client.HighchartResources.jquery()' is deprecated
[INFO]          See snapshot: /tmp/com.vaadin.addon.charts.client.HighchartResources_default_InlineClientBundleGenerator7959061719943846771.java
[INFO]    Computing all possible rebind results for 'com.vaadin.client.ui.dd.VAcceptCriterionFactory'
[INFO]       Rebinding com.vaadin.client.ui.dd.VAcceptCriterionFactory
[INFO]          Invoking generator com.vaadin.server.widgetsetutils.AcceptCriteriaFactoryGenerator
[INFO]             Detecting available criteria ...
[INFO]             creating mapping for com.vaadin.event.dd.acceptcriteria.AcceptAll
[INFO]             creating mapping for com.vaadin.event.dd.acceptcriteria.And
[INFO]             creating mapping for com.vaadin.event.dd.acceptcriteria.ContainsDataFlavor
[INFO]             creating mapping for com.vaadin.event.dd.acceptcriteria.SourceIs
[INFO]             creating mapping for com.vaadin.ui.AbstractSelect.TargetItemIs
[INFO]             creating mapping for com.vaadin.ui.AbstractSelect.AcceptItem
[INFO]             creating mapping for com.vaadin.ui.Table.TableDropCriterion
[INFO]             creating mapping for com.vaadin.ui.Tree.TreeDropCriterion
[INFO]             creating mapping for com.vaadin.event.dd.acceptcriteria.Not
[INFO]             creating mapping for com.vaadin.event.dd.acceptcriteria.Or
[INFO]             creating mapping for com.vaadin.event.dd.acceptcriteria.ServerSideCriterion
[INFO]             creating mapping for com.vaadin.event.dd.acceptcriteria.SourceIsTarget
[INFO]             creating mapping for com.vaadin.event.dd.acceptcriteria.TargetDetailIs
[INFO]             creating mapping for com.vaadin.ui.Tree.TargetInSubtree
[INFO]             Done. (0seconds)
[INFO]    Compiling 1 permutation
[INFO]       Compiling permutation 0...
[INFO]    Compile of permutations succeeded
[INFO]    Compilation succeeded -- 83.511s
[INFO] Linking into /var/jenkins_home/jobs/FullCICDPipeline/workspace/appbuild/PolishedDemo/src/main/webapp/VAADIN/widgetsets/com.securepaas.demo.parking.widgetset.ParkingWidgetset
[INFO]    Link succeeded
[INFO]    Linking succeeded -- 0.433s
[INFO] 
[INFO] --- maven-war-plugin:2.2:war (default-war) @ PolishedDemo ---
[INFO] Packaging webapp
[INFO] Assembling webapp [PolishedDemo] in [/var/jenkins_home/jobs/FullCICDPipeline/workspace/appbuild/PolishedDemo/target/PolishedDemo-0.8-SNAPSHOT]
[INFO] Processing war project
[INFO] Copying webapp resources [/var/jenkins_home/jobs/FullCICDPipeline/workspace/appbuild/PolishedDemo/src/main/webapp]
[INFO] Webapp assembled in [206 msecs]
[INFO] Building war: /var/jenkins_home/jobs/FullCICDPipeline/workspace/appbuild/PolishedDemo/target/PolishedDemo-0.8-SNAPSHOT.war
[INFO] WEB-INF/web.xml already added, skipping
[INFO] 
[INFO] --- maven-failsafe-plugin:2.12:integration-test (default) @ PolishedDemo ---
[INFO] No tests to run.
[INFO] Failsafe report directory: /var/jenkins_home/jobs/FullCICDPipeline/workspace/appbuild/PolishedDemo/target/failsafe-reports

-------------------------------------------------------
 T E S T S
-------------------------------------------------------

Results :

Tests run: 0, Failures: 0, Errors: 0, Skipped: 0

[WARNING] File encoding has not been set, using platform encoding UTF-8, i.e. build is platform dependent!
[INFO] 
[INFO] --- maven-failsafe-plugin:2.12:verify (default) @ PolishedDemo ---
[INFO] No tests to run.
[INFO] 
[INFO] --- maven-install-plugin:2.4:install (default-install) @ PolishedDemo ---
[INFO] Installing /var/jenkins_home/jobs/FullCICDPipeline/workspace/appbuild/PolishedDemo/target/PolishedDemo-0.8-SNAPSHOT.war to /var/jenkins_home/.m2/repository/com/securepaas/demo/PolishedDemo/0.8-SNAPSHOT/PolishedDemo-0.8-SNAPSHOT.war
[INFO] Installing /var/jenkins_home/jobs/FullCICDPipeline/workspace/appbuild/PolishedDemo/pom.xml to /var/jenkins_home/.m2/repository/com/securepaas/demo/PolishedDemo/0.8-SNAPSHOT/PolishedDemo-0.8-SNAPSHOT.pom
[INFO] ------------------------------------------------------------------------
[INFO] Reactor Summary:
[INFO] 
[INFO] demo-apps 0.8-SNAPSHOT ............................. SUCCESS [  0.324 s]
[INFO] SpSource ........................................... SUCCESS [  2.179 s]
[INFO] SOAP Web Service Source ............................ SUCCESS [  0.212 s]
[INFO] SOAP Web Services Demo ............................. SUCCESS [  0.402 s]
[INFO] Rest Web Services .................................. SUCCESS [  0.210 s]
[INFO] Polished Demo App 0.8-SNAPSHOT ..................... SUCCESS [01:33 min]
[INFO] ------------------------------------------------------------------------
[INFO] BUILD SUCCESS
[INFO] ------------------------------------------------------------------------
[INFO] Total time: 01:36 min
[INFO] Finished at: 2018-07-19T14:26:11Z
[INFO] ------------------------------------------------------------------------
